<?xml version="1.0" encoding="UTF-8" ?>
<testsuite tests="51" failures="0" name="br.com.contmatic.empresa.TestRunner" time="0.25" errors="0" skipped="1">
  <properties>
    <property name="idea.version" value="2020.2.4"/>
    <property name="java.runtime.name" value="OpenJDK Runtime Environment"/>
    <property name="sun.boot.library.path" value="/home/darkluxury/.jdks/azul-1.8.0_265/jre/lib/amd64"/>
    <property name="java.vm.version" value="25.265-b11"/>
    <property name="jdk.vendor.version" value="Zulu 8.48.0.53-CA-linux64"/>
    <property name="java.vm.vendor" value="Azul Systems, Inc."/>
    <property name="maven.multiModuleProjectDirectory" value="/home/darkluxury/Documentos/GitHub/cadastrador"/>
    <property name="java.vendor.url" value="http://www.azulsystems.com/"/>
    <property name="path.separator" value=":"/>
    <property name="guice.disable.misplaced.annotation.check" value="true"/>
    <property name="java.vm.name" value="OpenJDK 64-Bit Server VM"/>
    <property name="file.encoding.pkg" value="sun.io"/>
    <property name="idea.launcher.port" value="36917"/>
    <property name="user.country" value="BR"/>
    <property name="sun.java.launcher" value="SUN_STANDARD"/>
    <property name="sun.os.patch.level" value="unknown"/>
    <property name="java.vm.specification.name" value="Java Virtual Machine Specification"/>
    <property name="user.dir" value="/home/darkluxury/Documentos/GitHub/cadastrador"/>
    <property name="java.runtime.version" value="1.8.0_265-b11"/>
    <property name="java.awt.graphicsenv" value="sun.awt.X11GraphicsEnvironment"/>
    <property name="java.endorsed.dirs" value="/home/darkluxury/.jdks/azul-1.8.0_265/jre/lib/endorsed"/>
    <property name="os.arch" value="amd64"/>
    <property name="java.io.tmpdir" value="/tmp"/>
    <property name="line.separator" value="
"/>
    <property name="java.vm.specification.vendor" value="Oracle Corporation"/>
    <property name="os.name" value="Linux"/>
    <property name="maven.ext.class.path" value="/snap/intellij-idea-ultimate/current/plugins/maven/lib/maven-event-listener.jar"/>
    <property name="classworlds.conf" value="/snap/intellij-idea-ultimate/261/plugins/maven/lib/maven3/bin/m2.conf"/>
    <property name="sun.jnu.encoding" value="UTF-8"/>
    <property name="java.library.path" value="/usr/java/packages/lib/amd64:/usr/lib64:/lib64:/lib:/usr/lib"/>
    <property name="maven.conf" value="/snap/intellij-idea-ultimate/261/plugins/maven/lib/maven3/conf"/>
    <property name="java.specification.name" value="Java Platform API Specification"/>
    <property name="java.class.version" value="52.0"/>
    <property name="sun.management.compiler" value="HotSpot 64-Bit Tiered Compilers"/>
    <property name="os.version" value="5.4.0-53-generic"/>
    <property name="user.home" value="/home/darkluxury"/>
    <property name="user.timezone" value="America/Sao_Paulo"/>
    <property name="java.awt.printerjob" value="sun.print.PSPrinterJob"/>
    <property name="java.specification.version" value="1.8"/>
    <property name="idea.launcher.bin.path" value="/snap/intellij-idea-ultimate/current/bin"/>
    <property name="file.encoding" value="UTF-8"/>
    <property name="user.name" value="darkluxury"/>
    <property name="java.class.path" value="/snap/intellij-idea-ultimate/261/plugins/maven/lib/maven3/boot/plexus-classworlds-2.6.0.jar:/snap/intellij-idea-ultimate/261/plugins/maven/lib/maven3/boot/plexus-classworlds.license:/snap/intellij-idea-ultimate/261/lib/idea_rt.jar"/>
    <property name="java.vm.specification.version" value="1.8"/>
    <property name="sun.arch.data.model" value="64"/>
    <property name="java.home" value="/home/darkluxury/.jdks/azul-1.8.0_265/jre"/>
    <property name="sun.java.command" value="com.intellij.rt.execution.application.AppMainV2 org.codehaus.classworlds.Launcher -Didea.version=2020.2.4 install"/>
    <property name="java.specification.vendor" value="Oracle Corporation"/>
    <property name="user.language" value="pt"/>
    <property name="awt.toolkit" value="sun.awt.X11.XToolkit"/>
    <property name="java.vm.info" value="mixed mode"/>
    <property name="java.version" value="1.8.0_265"/>
    <property name="java.ext.dirs" value="/home/darkluxury/.jdks/azul-1.8.0_265/jre/lib/ext:/usr/java/packages/lib/ext"/>
    <property name="securerandom.source" value="file:/dev/./urandom"/>
    <property name="sun.boot.class.path" value="/home/darkluxury/.jdks/azul-1.8.0_265/jre/lib/resources.jar:/home/darkluxury/.jdks/azul-1.8.0_265/jre/lib/rt.jar:/home/darkluxury/.jdks/azul-1.8.0_265/jre/lib/sunrsasign.jar:/home/darkluxury/.jdks/azul-1.8.0_265/jre/lib/jsse.jar:/home/darkluxury/.jdks/azul-1.8.0_265/jre/lib/jce.jar:/home/darkluxury/.jdks/azul-1.8.0_265/jre/lib/charsets.jar:/home/darkluxury/.jdks/azul-1.8.0_265/jre/lib/jfr.jar:/home/darkluxury/.jdks/azul-1.8.0_265/jre/classes"/>
    <property name="java.vendor" value="Azul Systems, Inc."/>
    <property name="maven.home" value="/snap/intellij-idea-ultimate/261/plugins/maven/lib/maven3"/>
    <property name="file.separator" value="/"/>
    <property name="java.vendor.url.bug" value="http://www.azulsystems.com/support/"/>
    <property name="sun.cpu.endian" value="little"/>
    <property name="sun.io.unicode.encoding" value="UnicodeLittle"/>
    <property name="sun.cpu.isalist" value=""/>
  </properties>
  <testcase classname="br.com.contmatic.empresa.EmpresaTest" name="deve_retornar_capitalaberto_esperado" time="0.002"/>
  <testcase classname="br.com.contmatic.empresa.EmpresaTest" name="deve_retornar_cnpj_esperado" time="0.005"/>
  <testcase classname="br.com.contmatic.empresa.EmpresaTest" name="deve_retornar_constructor_esperado" time="0.006"/>
  <testcase classname="br.com.contmatic.empresa.EmpresaTest" name="deve_retornar_data_cadastro_esperada" time="0.005"/>
  <testcase classname="br.com.contmatic.empresa.EmpresaTest" name="deve_retornar_endereco_esperado" time="0.004"/>
  <testcase classname="br.com.contmatic.empresa.EmpresaTest" name="deve_retornar_funcionarios_esperado" time="0.005"/>
  <testcase classname="br.com.contmatic.empresa.EmpresaTest" name="deve_retornar_lista_endereco_esperada" time="0.005"/>
  <testcase classname="br.com.contmatic.empresa.EmpresaTest" name="deve_retornar_lista_telefone_esperada" time="0.005"/>
  <testcase classname="br.com.contmatic.empresa.EmpresaTest" name="deve_retornar_nomefantasia_esperado" time="0.004"/>
  <testcase classname="br.com.contmatic.empresa.EmpresaTest" name="deve_retornar_razaosocial_declarada" time="0.004">
    <skipped message="Teste desnecessÃ¡rio"/>
  </testcase>
  <testcase classname="br.com.contmatic.empresa.EmpresaTest" name="deve_retornar_razaosocial_esperada" time="0.005"/>
  <testcase classname="br.com.contmatic.empresa.EmpresaTest" name="deve_retornar_setor_esperado" time="0.003"/>
  <testcase classname="br.com.contmatic.empresa.EmpresaTest" name="deve_retornar_site_esperado" time="0.006"/>
  <testcase classname="br.com.contmatic.empresa.EmpresaTest" name="deve_retornar_tamanho_esperado" time="0.003"/>
  <testcase classname="br.com.contmatic.empresa.EmpresaTest" name="deve_retornar_telefone_esperado" time="0.005"/>
  <testcase classname="br.com.contmatic.empresa.EmpresaTest" name="deve_retornar_titularidadecapital_esperada" time="0.004"/>
  <testcase classname="br.com.contmatic.empresa.EmpresaTest" name="deve_retornar_tostring_diferente_null" time="0.004"/>
  <testcase classname="br.com.contmatic.empresa.EmpresaTest" name="deve_retornar_true_para_a_validacao" time="0.036"/>
  <testcase classname="br.com.contmatic.empresa.EmpresaTest" name="deve_retornar_valuation_esperada" time="0.005"/>
  <testcase classname="br.com.contmatic.empresa.EmpresaTest" name="deve_retornar_verdadeiro_para_o_metodo_equals" time="0.003"/>
  <testcase classname="br.com.contmatic.empresa.EmpresaTest" name="deve_retornar_verdadeiro_para_o_metodo_hashcode" time="0.004"/>
  <testcase classname="br.com.contmatic.empresa.EnderecoTest" name="deve_retornar_logradouro_esperado" time="0.004"/>
  <testcase classname="br.com.contmatic.empresa.EnderecoTest" name="deve_retornar_index_out_of_bounds_exception" time="0.004"/>
  <testcase classname="br.com.contmatic.empresa.EnderecoTest" name="deve_retornar_cep_esperado" time="0.004"/>
  <testcase classname="br.com.contmatic.empresa.EnderecoTest" name="deve_retornar_tostring_diferente_null" time="0.003"/>
  <testcase classname="br.com.contmatic.empresa.EnderecoTest" name="deve_retornar_uf_esperada" time="0.003"/>
  <testcase classname="br.com.contmatic.empresa.EnderecoTest" name="deve_retornar_verdadeiro_para_o_metodo_equals" time="0.003"/>
  <testcase classname="br.com.contmatic.empresa.EnderecoTest" name="deve_retornar_tipo_endereco_esperado" time="0.004"/>
  <testcase classname="br.com.contmatic.empresa.EnderecoTest" name="deve_retornar_numero_esperado" time="0.003"/>
  <testcase classname="br.com.contmatic.empresa.EnderecoTest" name="deve_retornar_pais_esperado" time="0.002"/>
  <testcase classname="br.com.contmatic.empresa.EnderecoTest" name="deve_retornar_true_para_a_validacao" time="0.008"/>
  <testcase classname="br.com.contmatic.empresa.EnderecoTest" name="deve_retornar_constructor_esperado" time="0.005"/>
  <testcase classname="br.com.contmatic.empresa.EnderecoTest" name="deve_retornar_verdadeiro_para_o_metodo_hashcode" time="0.003"/>
  <testcase classname="br.com.contmatic.empresa.EnderecoTest" name="deve_retornar_cidade_esperada" time="0.002"/>
  <testcase classname="br.com.contmatic.empresa.PessoaTest" name="deve_retornar_telefone_esperado" time="0.005"/>
  <testcase classname="br.com.contmatic.empresa.PessoaTest" name="deve_retornar_cpf_esperado" time="0.003"/>
  <testcase classname="br.com.contmatic.empresa.PessoaTest" name="deve_retornar_lista_telefone_esperada" time="0.004"/>
  <testcase classname="br.com.contmatic.empresa.PessoaTest" name="deve_retornar_nome_esperado" time="0.003"/>
  <testcase classname="br.com.contmatic.empresa.PessoaTest" name="deve_retornar_idade_esperada" time="0.003"/>
  <testcase classname="br.com.contmatic.empresa.PessoaTest" name="deve_retornar_tostring_diferente_null" time="0.004"/>
  <testcase classname="br.com.contmatic.empresa.PessoaTest" name="deve_retornar_sexo_esperado" time="0.004"/>
  <testcase classname="br.com.contmatic.empresa.PessoaTest" name="deve_retornar_endereco_esperado" time="0.004"/>
  <testcase classname="br.com.contmatic.empresa.PessoaTest" name="deve_retornar_verdadeiro_para_o_metodo_equals" time="0.004"/>
  <testcase classname="br.com.contmatic.empresa.PessoaTest" name="deve_retornar_email_esperado" time="0.005"/>
  <testcase classname="br.com.contmatic.empresa.PessoaTest" name="deve_retornar_true_para_a_validacao" time="0.02"/>
  <testcase classname="br.com.contmatic.empresa.PessoaTest" name="deve_retornar_rg_esperado" time="0.003"/>
  <testcase classname="br.com.contmatic.empresa.PessoaTest" name="deve_retornar_ufnasc_esperado" time="0.003"/>
  <testcase classname="br.com.contmatic.empresa.PessoaTest" name="deve_retornar_constructor_esperado" time="0.003"/>
  <testcase classname="br.com.contmatic.empresa.PessoaTest" name="deve_retornar_verdadeiro_para_o_metodo_hashcode" time="0.005"/>
  <testcase classname="br.com.contmatic.empresa.PessoaTest" name="deve_retornar_nomemae_esperado" time="0.003"/>
  <testcase classname="br.com.contmatic.empresa.PessoaTest" name="deve_retornar_cidadenasc_esperado" time="0.003"/>
</testsuite>